  stdafx.cpp
  MatchingGame.cpp
d:\repos\matchinggame\matchinggame\matchinggame.cpp(51): warning C4838: conversion from 'double' to 'GLfloat' requires a narrowing conversion
d:\repos\matchinggame\matchinggame\matchinggame.cpp(51): warning C4305: 'initializing': truncation from 'double' to 'GLfloat'
d:\repos\matchinggame\matchinggame\matchinggame.cpp(97): warning C4305: 'argument': truncation from 'double' to 'GLfloat'
d:\repos\matchinggame\matchinggame\matchinggame.cpp(136): warning C4244: '=': conversion from 'time_t' to 'int', possible loss of data
d:\repos\matchinggame\matchinggame\matchinggame.cpp(166): warning C4244: 'argument': conversion from 'int' to 'GLfloat', possible loss of data
d:\repos\matchinggame\matchinggame\matchinggame.cpp(166): warning C4244: 'argument': conversion from 'double' to 'GLfloat', possible loss of data
d:\repos\matchinggame\matchinggame\matchinggame.cpp(167): warning C4244: 'argument': conversion from 'int' to 'GLfloat', possible loss of data
d:\repos\matchinggame\matchinggame\matchinggame.cpp(164): warning C4101: 'c': unreferenced local variable
d:\repos\matchinggame\matchinggame\matchinggame.cpp(225): warning C4305: 'initializing': truncation from 'double' to 'GLfloat'
d:\repos\matchinggame\matchinggame\matchinggame.cpp(277): warning C4244: 'initializing': conversion from 'int' to 'GLfloat', possible loss of data
d:\repos\matchinggame\matchinggame\matchinggame.cpp(278): warning C4244: 'initializing': conversion from 'int' to 'GLfloat', possible loss of data
d:\repos\matchinggame\matchinggame\matchinggame.cpp(280): warning C4244: '=': conversion from 'GLfloat' to 'GLint', possible loss of data
d:\repos\matchinggame\matchinggame\matchinggame.cpp(281): warning C4244: '=': conversion from 'GLfloat' to 'GLint', possible loss of data
d:\repos\matchinggame\matchinggame\matchinggame.cpp(304): warning C4244: 'argument': conversion from 'time_t' to 'unsigned int', possible loss of data
soil.lib(image_DXT.obj) : warning LNK4099: PDB 'SOIL.pdb' was not found with 'soil.lib(image_DXT.obj)' or at 'D:\repos\MatchingGame\Debug\SOIL.pdb'; linking object as if no debug info
soil.lib(image_helper.obj) : warning LNK4099: PDB 'SOIL.pdb' was not found with 'soil.lib(image_helper.obj)' or at 'D:\repos\MatchingGame\Debug\SOIL.pdb'; linking object as if no debug info
soil.lib(SOIL.obj) : warning LNK4099: PDB 'SOIL.pdb' was not found with 'soil.lib(SOIL.obj)' or at 'D:\repos\MatchingGame\Debug\SOIL.pdb'; linking object as if no debug info
soil.lib(stb_image_aug.obj) : warning LNK4099: PDB 'SOIL.pdb' was not found with 'soil.lib(stb_image_aug.obj)' or at 'D:\repos\MatchingGame\Debug\SOIL.pdb'; linking object as if no debug info
  MatchingGame.vcxproj -> D:\repos\MatchingGame\Debug\MatchingGame.exe
